2026-01-21 10:47:00,936 - utils.api_client - ERROR - Error de conexión en GET /health
2026-01-21 10:47:05,112 - utils.api_client - ERROR - Error de conexión en GET /health
2026-01-21 10:47:10,709 - utils.api_client - ERROR - Error de conexión en GET /health
2026-01-21 10:47:16,718 - utils.api_client - ERROR - Error de conexión en GET /health
2026-01-21 10:47:22,746 - utils.api_client - ERROR - Error de conexión en GET /health
2026-01-21 10:47:28,738 - utils.api_client - ERROR - Error de conexión en GET /health
2026-01-21 10:47:34,775 - utils.api_client - ERROR - Error de conexión en GET /health
2026-01-21 10:47:40,855 - utils.api_client - ERROR - Error de conexión en GET /health
2026-01-21 10:47:46,844 - utils.api_client - ERROR - Error de conexión en GET /health
2026-01-21 10:47:52,872 - utils.api_client - ERROR - Error de conexión en GET /health
2026-01-21 10:47:58,897 - utils.api_client - ERROR - Error de conexión en GET /health
2026-01-21 10:48:04,934 - utils.api_client - ERROR - Error de conexión en GET /health
2026-01-21 10:48:10,918 - utils.api_client - ERROR - Error de conexión en GET /health
2026-01-21 10:48:16,948 - utils.api_client - ERROR - Error de conexión en GET /health
2026-01-21 10:48:22,953 - utils.api_client - ERROR - Error de conexión en GET /health
2026-01-21 10:48:28,943 - utils.api_client - ERROR - Error de conexión en GET /health
2026-01-21 10:48:34,981 - utils.api_client - ERROR - Error de conexión en GET /health
2026-01-21 10:48:40,988 - utils.api_client - ERROR - Error de conexión en GET /health
2026-01-21 10:48:47,056 - utils.api_client - ERROR - Error de conexión en GET /health
2026-01-21 10:48:53,048 - utils.api_client - ERROR - Error de conexión en GET /health
2026-01-21 10:48:59,038 - utils.api_client - ERROR - Error de conexión en GET /health
2026-01-21 10:49:05,082 - utils.api_client - ERROR - Error de conexión en GET /health
2026-01-21 10:49:11,082 - utils.api_client - ERROR - Error de conexión en GET /health
2026-01-21 10:49:17,105 - utils.api_client - ERROR - Error de conexión en GET /health
2026-01-21 10:49:23,154 - utils.api_client - ERROR - Error de conexión en GET /health
2026-01-21 10:49:29,196 - utils.api_client - ERROR - Error de conexión en GET /health
2026-01-21 10:49:35,173 - utils.api_client - ERROR - Error de conexión en GET /health
2026-01-21 10:49:41,163 - utils.api_client - ERROR - Error de conexión en GET /health
2026-01-21 10:49:47,216 - utils.api_client - ERROR - Error de conexión en GET /health
2026-01-21 10:49:53,217 - utils.api_client - ERROR - Error de conexión en GET /health
2026-01-21 10:49:59,207 - utils.api_client - ERROR - Error de conexión en GET /health
2026-01-21 10:50:05,278 - utils.api_client - ERROR - Error de conexión en GET /health
2026-01-21 10:50:11,336 - utils.api_client - ERROR - Error de conexión en GET /health
2026-01-21 10:50:17,335 - utils.api_client - ERROR - Error de conexión en GET /health
2026-01-21 10:50:23,374 - utils.api_client - ERROR - Error de conexión en GET /health
2026-01-21 10:50:29,383 - utils.api_client - ERROR - Error de conexión en GET /health
2026-01-21 10:50:35,446 - utils.api_client - ERROR - Error de conexión en GET /health
2026-01-21 10:50:41,435 - utils.api_client - ERROR - Error de conexión en GET /health
2026-01-21 10:50:47,470 - utils.api_client - ERROR - Error de conexión en GET /health
2026-01-21 10:50:53,485 - utils.api_client - ERROR - Error de conexión en GET /health
2026-01-21 10:50:59,516 - utils.api_client - ERROR - Error de conexión en GET /health
2026-01-21 10:51:05,550 - utils.api_client - ERROR - Error de conexión en GET /health
2026-01-21 10:51:11,543 - utils.api_client - ERROR - Error de conexión en GET /health
2026-01-21 10:51:17,570 - utils.api_client - ERROR - Error de conexión en GET /health
2026-01-21 10:51:23,597 - utils.api_client - ERROR - Error de conexión en GET /health
2026-01-21 10:51:29,619 - utils.api_client - ERROR - Error de conexión en GET /health
2026-01-21 10:51:35,578 - utils.api_client - ERROR - Error de conexión en GET /health
2026-01-21 10:51:41,606 - utils.api_client - ERROR - Error de conexión en GET /health
2026-01-21 10:51:47,644 - utils.api_client - ERROR - Error de conexión en GET /health
2026-01-21 10:51:53,636 - utils.api_client - ERROR - Error de conexión en GET /health
2026-01-21 10:51:59,695 - utils.api_client - ERROR - Error de conexión en GET /health
2026-01-21 10:52:05,666 - utils.api_client - ERROR - Error de conexión en GET /health
2026-01-21 10:52:11,662 - utils.api_client - ERROR - Error de conexión en GET /health
2026-01-21 10:52:17,764 - utils.api_client - ERROR - Error de conexión en GET /health
2026-01-21 10:52:23,712 - utils.api_client - ERROR - Error de conexión en GET /health
2026-01-21 10:52:29,765 - utils.api_client - ERROR - Error de conexión en GET /health
2026-01-21 10:52:35,736 - utils.api_client - ERROR - Error de conexión en GET /health
2026-01-21 10:52:41,775 - utils.api_client - ERROR - Error de conexión en GET /health
2026-01-21 10:52:47,832 - utils.api_client - ERROR - Error de conexión en GET /health
2026-01-21 10:52:53,857 - utils.api_client - ERROR - Error de conexión en GET /health
2026-01-21 10:52:59,881 - utils.api_client - ERROR - Error de conexión en GET /health
2026-01-21 10:53:05,949 - utils.api_client - ERROR - Error de conexión en GET /health
2026-01-21 10:53:11,953 - utils.api_client - ERROR - Error de conexión en GET /health
2026-01-21 10:53:18,007 - utils.api_client - ERROR - Error de conexión en GET /health
2026-01-21 10:53:24,006 - utils.api_client - ERROR - Error de conexión en GET /health
2026-01-21 10:53:30,018 - utils.api_client - ERROR - Error de conexión en GET /health
2026-01-21 10:53:36,057 - utils.api_client - ERROR - Error de conexión en GET /health
2026-01-21 10:53:42,102 - utils.api_client - ERROR - Error de conexión en GET /health
2026-01-21 10:53:48,107 - utils.api_client - ERROR - Error de conexión en GET /health
2026-01-21 10:53:54,119 - utils.api_client - ERROR - Error de conexión en GET /health
2026-01-21 10:54:00,164 - utils.api_client - ERROR - Error de conexión en GET /health
2026-01-21 10:54:06,204 - utils.api_client - ERROR - Error de conexión en GET /health
2026-01-21 10:54:12,204 - utils.api_client - ERROR - Error de conexión en GET /health
2026-01-21 10:54:18,274 - utils.api_client - ERROR - Error de conexión en GET /health
2026-01-21 10:54:24,280 - utils.api_client - ERROR - Error de conexión en GET /health
2026-01-21 10:54:30,283 - utils.api_client - ERROR - Error de conexión en GET /health
2026-01-21 10:54:36,300 - utils.api_client - ERROR - Error de conexión en GET /health
2026-01-21 10:54:42,369 - utils.api_client - ERROR - Error de conexión en GET /health
2026-01-21 10:54:48,349 - utils.api_client - ERROR - Error de conexión en GET /health
2026-01-21 10:54:54,350 - utils.api_client - ERROR - Error de conexión en GET /health
2026-01-21 10:55:00,432 - utils.api_client - ERROR - Error de conexión en GET /health
2026-01-21 10:55:06,452 - utils.api_client - ERROR - Error de conexión en GET /health
2026-01-21 10:55:12,470 - utils.api_client - ERROR - Error de conexión en GET /health
2026-01-21 10:55:18,468 - utils.api_client - ERROR - Error de conexión en GET /health
2026-01-21 10:55:24,475 - utils.api_client - ERROR - Error de conexión en GET /health
2026-01-21 10:55:30,526 - utils.api_client - ERROR - Error de conexión en GET /health
2026-01-21 10:55:36,509 - utils.api_client - ERROR - Error de conexión en GET /health
2026-01-21 10:55:42,571 - utils.api_client - ERROR - Error de conexión en GET /health
2026-01-21 10:55:48,558 - utils.api_client - ERROR - Error de conexión en GET /health
2026-01-21 10:55:54,597 - utils.api_client - ERROR - Error de conexión en GET /health
2026-01-21 10:56:00,645 - utils.api_client - ERROR - Error de conexión en GET /health
2026-01-21 10:56:06,698 - utils.api_client - ERROR - Error de conexión en GET /health
2026-01-21 10:56:12,681 - utils.api_client - ERROR - Error de conexión en GET /health
2026-01-21 10:56:18,708 - utils.api_client - ERROR - Error de conexión en GET /health
2026-01-21 10:56:24,752 - utils.api_client - ERROR - Error de conexión en GET /health
2026-01-21 10:56:30,746 - utils.api_client - ERROR - Error de conexión en GET /health
2026-01-21 10:56:36,776 - utils.api_client - ERROR - Error de conexión en GET /health
2026-01-21 10:56:42,793 - utils.api_client - ERROR - Error de conexión en GET /health
2026-01-21 10:56:48,809 - utils.api_client - ERROR - Error de conexión en GET /health
2026-01-21 10:56:54,841 - utils.api_client - ERROR - Error de conexión en GET /health
2026-01-21 10:57:00,846 - utils.api_client - ERROR - Error de conexión en GET /health
2026-01-21 10:57:06,884 - utils.api_client - ERROR - Error de conexión en GET /health
2026-01-21 10:57:12,916 - utils.api_client - ERROR - Error de conexión en GET /health
2026-01-21 10:57:18,930 - utils.api_client - ERROR - Error de conexión en GET /health
2026-01-21 10:57:24,976 - utils.api_client - ERROR - Error de conexión en GET /health
2026-01-21 10:57:30,974 - utils.api_client - ERROR - Error de conexión en GET /health
2026-01-21 10:57:37,029 - utils.api_client - ERROR - Error de conexión en GET /health
2026-01-21 10:57:43,037 - utils.api_client - ERROR - Error de conexión en GET /health
2026-01-21 10:57:49,086 - utils.api_client - ERROR - Error de conexión en GET /health
2026-01-21 10:57:55,105 - utils.api_client - ERROR - Error de conexión en GET /health
2026-01-21 10:58:01,075 - utils.api_client - ERROR - Error de conexión en GET /health
2026-01-21 10:58:07,090 - utils.api_client - ERROR - Error de conexión en GET /health
2026-01-21 10:58:13,060 - utils.api_client - ERROR - Error de conexión en GET /health
2026-01-21 10:58:19,104 - utils.api_client - ERROR - Error de conexión en GET /health
2026-01-21 10:58:25,106 - utils.api_client - ERROR - Error de conexión en GET /health
2026-01-21 10:58:31,103 - utils.api_client - ERROR - Error de conexión en GET /health
2026-01-21 10:58:37,083 - utils.api_client - ERROR - Error de conexión en GET /health
2026-01-21 10:58:43,069 - utils.api_client - ERROR - Error de conexión en GET /health
2026-01-21 10:58:49,086 - utils.api_client - ERROR - Error de conexión en GET /health
2026-01-21 10:58:55,082 - utils.api_client - ERROR - Error de conexión en GET /health
2026-01-21 10:59:01,097 - utils.api_client - ERROR - Error de conexión en GET /health
2026-01-21 10:59:07,081 - utils.api_client - ERROR - Error de conexión en GET /health
2026-01-21 10:59:13,067 - utils.api_client - ERROR - Error de conexión en GET /health
2026-01-21 10:59:19,082 - utils.api_client - ERROR - Error de conexión en GET /health
2026-01-21 10:59:25,104 - utils.api_client - ERROR - Error de conexión en GET /health
2026-01-21 10:59:31,113 - utils.api_client - ERROR - Error de conexión en GET /health
2026-01-21 10:59:37,119 - utils.api_client - ERROR - Error de conexión en GET /health
2026-01-21 10:59:43,100 - utils.api_client - ERROR - Error de conexión en GET /health
2026-01-21 10:59:49,150 - utils.api_client - ERROR - Error de conexión en GET /health
2026-01-21 10:59:55,104 - utils.api_client - ERROR - Error de conexión en GET /health
2026-01-21 11:00:01,124 - utils.api_client - ERROR - Error de conexión en GET /health
2026-01-21 11:00:07,118 - utils.api_client - ERROR - Error de conexión en GET /health
2026-01-21 11:00:13,139 - utils.api_client - ERROR - Error de conexión en GET /health
2026-01-21 11:00:19,113 - utils.api_client - ERROR - Error de conexión en GET /health
2026-01-21 11:00:25,120 - utils.api_client - ERROR - Error de conexión en GET /health
2026-01-21 11:00:31,133 - utils.api_client - ERROR - Error de conexión en GET /health
2026-01-21 11:00:37,134 - utils.api_client - ERROR - Error de conexión en GET /health
2026-01-21 11:00:43,133 - utils.api_client - ERROR - Error de conexión en GET /health
2026-01-21 11:00:49,146 - utils.api_client - ERROR - Error de conexión en GET /health
2026-01-21 11:00:55,155 - utils.api_client - ERROR - Error de conexión en GET /health
2026-01-21 11:01:01,112 - utils.api_client - ERROR - Error de conexión en GET /health
2026-01-21 11:01:07,188 - utils.api_client - ERROR - Error de conexión en GET /health
2026-01-21 11:01:13,120 - utils.api_client - ERROR - Error de conexión en GET /health
2026-01-21 11:01:19,115 - utils.api_client - ERROR - Error de conexión en GET /health
2026-01-21 11:01:25,151 - utils.api_client - ERROR - Error de conexión en GET /health
2026-01-21 11:01:31,150 - utils.api_client - ERROR - Error de conexión en GET /health
2026-01-21 11:01:37,153 - utils.api_client - ERROR - Error de conexión en GET /health
2026-01-21 11:01:43,155 - utils.api_client - ERROR - Error de conexión en GET /health
2026-01-21 11:01:49,139 - utils.api_client - ERROR - Error de conexión en GET /health
2026-01-21 11:01:55,145 - utils.api_client - ERROR - Error de conexión en GET /health
2026-01-21 11:02:01,164 - utils.api_client - ERROR - Error de conexión en GET /health
2026-01-21 11:02:07,163 - utils.api_client - ERROR - Error de conexión en GET /health
2026-01-21 11:02:13,130 - utils.api_client - ERROR - Error de conexión en GET /health
2026-01-21 11:02:19,153 - utils.api_client - ERROR - Error de conexión en GET /health
2026-01-21 11:02:25,170 - utils.api_client - ERROR - Error de conexión en GET /health
2026-01-21 11:02:31,146 - utils.api_client - ERROR - Error de conexión en GET /health
2026-01-21 11:02:37,158 - utils.api_client - ERROR - Error de conexión en GET /health
2026-01-21 13:11:42,475 - utils.api_client - INFO - Login exitoso para usuario: superadmin
2026-01-21 13:11:42,589 - __main__ - INFO - Login exitoso para usuario: superadmin
2026-01-21 13:11:43,294 - widgets.dashboard_window - ERROR - Error cargando KPIs: Recurso no encontrado: Not Found
2026-01-21 13:11:43,301 - widgets.dashboard_window - ERROR - Error cargando gráficas: Recurso no encontrado: Not Found
2026-01-21 13:16:45,143 - widgets.dashboard_window - ERROR - Error cargando KPIs: Recurso no encontrado: Not Found
2026-01-21 13:16:45,150 - widgets.dashboard_window - ERROR - Error cargando gráficas: Recurso no encontrado: Not Found
2026-01-21 13:18:30,435 - widgets.dashboard_window - ERROR - Error cargando KPIs: Recurso no encontrado: Not Found
2026-01-21 13:18:30,443 - widgets.dashboard_window - ERROR - Error cargando gráficas: Recurso no encontrado: Not Found
2026-01-21 13:18:31,035 - __main__ - CRITICAL - Excepción no capturada
Traceback (most recent call last):
  File "C:\xampp\htdocs\projectData\document-generator-system\frontend\widgets\dashboard_window.py", line 734, in export_dashboard
    action = menu.exec(self.mapToGlobal(self.sender().pos()))
                                        ^^^^^^^^^^^^^^^^^
AttributeError: 'QAction' object has no attribute 'pos'
